<?xml version="1.0" encoding="UTF-8"?>
<testsuite xmlns:xsi="http://www.w3.org/2001/XMLSchema-instance" xsi:noNamespaceSchemaLocation="https://maven.apache.org/surefire/maven-surefire-plugin/xsd/surefire-test-report.xsd" name="stepDefs.TestRunner" time="37.889" tests="8" errors="0" skipped="0" failures="0">
  <properties>
[...]
</properties>
  <testcase name="Verify login functionality to SWAGLABS using correct username and password" classname="This feature will verify the login functionality of SWAGLABS" time="4.443"/>
  <testcase name="Verify login functionality to SWAGLABS using incorrect username and password #1" classname="This feature will verify the login functionality of SWAGLABS" time="3.495"/>
  <testcase name="Verify login functionality to SWAGLABS using incorrect username and password #2" classname="This feature will verify the login functionality of SWAGLABS" time="3.352"/>
  <testcase name="Verify logout function from product page" classname="This feature will verify the logout functionality of SWAGLABS" time="4.992"/>
  <testcase name="Verify logout function from cart page" classname="This feature will verify the logout functionality of SWAGLABS" time="5.018"/>
  <testcase name="Verify that user able to add single product to the cart #1" classname="This feature will verify the products add-to-cart functionality of SWABLABS application" time="5.279"/>
  <testcase name="Verify that user able to add single product to the cart #2" classname="This feature will verify the products add-to-cart functionality of SWABLABS application" time="5.302"/>
  <testcase name="Verify that user able to add multiple product to the cart" classname="This feature will verify the products add-to-cart functionality of SWABLABS application" time="5.138"/>
</testsuite>